#
# There is insufficient memory for the Java Runtime Environment to continue.
# Native memory allocation (mmap) failed to map 266338304 bytes for Failed to commit area from 0x0000000702400000 to 0x0000000712200000 of length 266338304.
# Possible reasons:
#   The system is out of physical RAM or swap space
#   The process is running with CompressedOops enabled, and the Java Heap may be blocking the growth of the native heap
# Possible solutions:
#   Reduce memory load on the system
#   Increase physical memory or swap space
#   Check if swap backing store is full
#   Decrease Java heap size (-Xmx/-Xms)
#   Decrease number of Java threads
#   Decrease Java thread stack sizes (-Xss)
#   Set larger code cache with -XX:ReservedCodeCacheSize=
# This output file may be truncated or incomplete.
#
#  Out of Memory Error (./src/hotspot/os/windows/os_windows.cpp:3303), pid=12532, tid=1780
#
# JRE version:  (11.0.8+10) (build )
# Java VM: OpenJDK 64-Bit Server VM (11.0.8+10-b944.6842174, mixed mode, sharing, tiered, compressed oops, g1 gc, windows-amd64)
# No core dump will be written. Minidumps are not enabled by default on client versions of Windows
#

---------------  S U M M A R Y ------------

Command Line: org.jetbrains.git4idea.http.GitAskPassApp Username for 'https://github.com': 

Host: Intel(R) Core(TM) i7-9750H CPU @ 2.60GHz, 12 cores, 15G,  Windows 10 , 64 bit Build 19041 (10.0.19041.928)
Time: Wed Jun  2 21:09:08 2021 Pacific Daylight Time elapsed time: 0 seconds (0d 0h 0m 0s)

---------------  T H R E A D  ---------------

Current thread (0x0000012f730ea800):  JavaThread "Unknown thread" [_thread_in_vm, id=1780, stack(0x0000001aaed00000,0x0000001aaee00000)]

Stack: [0x0000001aaed00000,0x0000001aaee00000]
Native frames: (J=compiled Java code, j=interpreted, Vv=VM code, C=native code)
V  [jvm.dll+0x5de50a]
V  [jvm.dll+0x7122f5]
V  [jvm.dll+0x71384d]
V  [jvm.dll+0x713f03]
V  [jvm.dll+0x23e728]
V  [jvm.dll+0x5db9a4]
V  [jvm.dll+0x5d0ae5]
V  [jvm.dll+0x2fb20b]
V  [jvm.dll+0x2fb17a]
V  [jvm.dll+0x2fb052]
V  [jvm.dll+0x2fff16]
V  [jvm.dll+0x348743]
V  [jvm.dll+0x348e46]
V  [jvm.dll+0x348843]
V  [jvm.dll+0x2d5d68]
V  [jvm.dll+0x2d6f07]
V  [jvm.dll+0x6f11f7]
V  [jvm.dll+0x6f29ec]
V  [jvm.dll+0x355cb9]
V  [jvm.dll+0x6d4ade]
V  [jvm.dll+0x3bdfe3]
V  [jvm.dll+0x3c0201]
C  [jli.dll+0x5373]
C  [ucrtbase.dll+0x21bb2]
C  [KERNEL32.DLL+0x17034]
C  [ntdll.dll+0x52651]


---------------  P R O C E S S  ---------------

Threads class SMR info:
_java_thread_list=0x0000012f71622a60, length=0, elements={
}

Java Threads: ( => current thread )

Other Threads:
  0x0000012f73102800 GCTaskThread "GC Thread#0" [stack: 0x0000001aaee00000,0x0000001aaef00000] [id=5320]
  0x0000012f7315e000 ConcurrentGCThread "G1 Main Marker" [stack: 0x0000001aaef00000,0x0000001aaf000000] [id=20308]
  0x0000012f73160800 ConcurrentGCThread "G1 Conc#0" [stack: 0x0000001aaf000000,0x0000001aaf100000] [id=15004]

[error occurred during error reporting (printing all threads), id 0xc0000005, EXCEPTION_ACCESS_VIOLATION (0xc0000005) at pc=0x00007ffb002c6357]

VM state:not at safepoint (not fully initialized)

VM Mutex/Monitor currently owned by a thread:  ([mutex/lock_event])
[0x0000012f730e70e0] Heap_lock - owner thread: 0x0000012f730ea800

Heap address: 0x0000000702400000, size: 4060 MB, Compressed Oops mode: Non-zero based: 0x0000000702400000
Narrow klass base: 0x0000000000000000, Narrow klass shift: 0

GC Heap History (0 events):
No events

Deoptimization events (0 events):
No events

Classes redefined (0 events):
No events

Internal exceptions (0 events):
No events

Events (1 events):
Event: 0.006 Loaded shared library C:\Program Files\Android\Android Studio\jre\bin\zip.dll


Dynamic libraries:
0x00007ff7c3780000 - 0x00007ff7c378a000 	C:\Program Files\Android\Android Studio\jre\bin\java.exe
0x00007ffb4ddf0000 - 0x00007ffb4dfe5000 	C:\WINDOWS\SYSTEM32\ntdll.dll
0x00007ffb4db70000 - 0x00007ffb4dc2d000 	C:\WINDOWS\System32\KERNEL32.DLL
0x00007ffb4b6a0000 - 0x00007ffb4b968000 	C:\WINDOWS\System32\KERNELBASE.dll
0x00007ffb4bca0000 - 0x00007ffb4bda0000 	C:\WINDOWS\System32\ucrtbase.dll
0x00007ffb3b270000 - 0x00007ffb3b289000 	C:\Program Files\Android\Android Studio\jre\bin\jli.dll
0x00007ffb3b060000 - 0x00007ffb3b077000 	C:\Program Files\Android\Android Studio\jre\bin\VCRUNTIME140.dll
0x00007ffb4cd90000 - 0x00007ffb4cf30000 	C:\WINDOWS\System32\USER32.dll
0x00007ffb4b640000 - 0x00007ffb4b662000 	C:\WINDOWS\System32\win32u.dll
0x00007ffb4dc30000 - 0x00007ffb4dc5a000 	C:\WINDOWS\System32\GDI32.dll
0x00007ffb336a0000 - 0x00007ffb3393a000 	C:\WINDOWS\WinSxS\amd64_microsoft.windows.common-controls_6595b64144ccf1df_6.0.19041.844_none_ca00b6081b84eb1d\COMCTL32.dll
0x00007ffb4b530000 - 0x00007ffb4b63b000 	C:\WINDOWS\System32\gdi32full.dll
0x00007ffb4c8b0000 - 0x00007ffb4c94e000 	C:\WINDOWS\System32\msvcrt.dll
0x00007ffb4bc00000 - 0x00007ffb4bc9d000 	C:\WINDOWS\System32\msvcp_win.dll
0x00007ffb4dc70000 - 0x00007ffb4dca0000 	C:\WINDOWS\System32\IMM32.DLL
0x00007ffb252d0000 - 0x00007ffb2536d000 	C:\Program Files\Android\Android Studio\jre\bin\msvcp140.dll
0x00007ffafffe0000 - 0x00007ffb00a9c000 	C:\Program Files\Android\Android Studio\jre\bin\server\jvm.dll
0x00007ffb4ca80000 - 0x00007ffb4cb2c000 	C:\WINDOWS\System32\ADVAPI32.dll
0x00007ffb4cf30000 - 0x00007ffb4cfcb000 	C:\WINDOWS\System32\sechost.dll
0x00007ffb4c950000 - 0x00007ffb4ca7b000 	C:\WINDOWS\System32\RPCRT4.dll
0x00007ffb4dc60000 - 0x00007ffb4dc68000 	C:\WINDOWS\System32\PSAPI.DLL
0x00007ffb33360000 - 0x00007ffb33369000 	C:\WINDOWS\SYSTEM32\WSOCK32.dll
0x00007ffb44950000 - 0x00007ffb4495a000 	C:\WINDOWS\SYSTEM32\VERSION.dll
0x00007ffb33ec0000 - 0x00007ffb33ee7000 	C:\WINDOWS\SYSTEM32\WINMM.dll
0x00007ffb4cff0000 - 0x00007ffb4d05b000 	C:\WINDOWS\System32\WS2_32.dll
0x00007ffb49480000 - 0x00007ffb49492000 	C:\WINDOWS\SYSTEM32\kernel.appcore.dll
0x00007ffb47060000 - 0x00007ffb47071000 	C:\Program Files\Android\Android Studio\jre\bin\verify.dll
0x00007ffb40cb0000 - 0x00007ffb40e94000 	C:\WINDOWS\SYSTEM32\DBGHELP.DLL
0x00007ffb42970000 - 0x00007ffb4299c000 	C:\WINDOWS\SYSTEM32\dbgcore.DLL
0x00007ffb4bb30000 - 0x00007ffb4bbb0000 	C:\WINDOWS\System32\bcryptPrimitives.dll
0x00007ffb438a0000 - 0x00007ffb438c9000 	C:\Program Files\Android\Android Studio\jre\bin\java.dll
0x00007ffb48df0000 - 0x00007ffb48dfb000 	C:\Program Files\Android\Android Studio\jre\bin\jimage.dll
0x00007ffb43880000 - 0x00007ffb43898000 	C:\Program Files\Android\Android Studio\jre\bin\zip.dll

dbghelp: loaded successfully - version: 4.0.5 - missing functions: none
symbol engine: initialized successfully - sym options: 0x614 - pdb path: .;C:\Program Files\Android\Android Studio\jre\bin;C:\WINDOWS\SYSTEM32;C:\WINDOWS\WinSxS\amd64_microsoft.windows.common-controls_6595b64144ccf1df_6.0.19041.844_none_ca00b6081b84eb1d;C:\Program Files\Android\Android Studio\jre\bin\server

VM Arguments:
java_command: org.jetbrains.git4idea.http.GitAskPassApp Username for 'https://github.com': 
java_class_path (initial): C:/Program Files/Android/Android Studio/plugins/git4idea/lib/git4idea-rt.jar;C:/Program Files/Android/Android Studio/lib/xmlrpc-2.0.1.jar;C:/Program Files/Android/Android Studio/lib/commons-codec-1.14.jar
Launcher Type: SUN_STANDARD

[Global flags]
     intx CICompilerCount                          = 4                                         {product} {ergonomic}
     uint ConcGCThreads                            = 3                                         {product} {ergonomic}
     uint G1ConcRefinementThreads                  = 10                                        {product} {ergonomic}
   size_t G1HeapRegionSize                         = 1048576                                   {product} {ergonomic}
    uintx GCDrainStackTargetSize                   = 64                                        {product} {ergonomic}
   size_t InitialHeapSize                          = 266338304                                 {product} {ergonomic}
   size_t MarkStackSize                            = 4194304                                   {product} {ergonomic}
   size_t MaxHeapSize                              = 4257218560                                {product} {ergonomic}
   size_t MinHeapDeltaBytes                        = 1048576                                   {product} {ergonomic}
    uintx NonNMethodCodeHeapSize                   = 5836300                                {pd product} {ergonomic}
    uintx NonProfiledCodeHeapSize                  = 122910970                              {pd product} {ergonomic}
    uintx ProfiledCodeHeapSize                     = 122910970                              {pd product} {ergonomic}
    uintx ReservedCodeCacheSize                    = 251658240                              {pd product} {ergonomic}
     bool SegmentedCodeCache                       = true                                      {product} {ergonomic}
     bool UseCompressedClassPointers               = true                                 {lp64_product} {ergonomic}
     bool UseCompressedOops                        = true                                 {lp64_product} {ergonomic}
     bool UseG1GC                                  = true                                      {product} {ergonomic}
     bool UseLargePagesIndividualAllocation        = false                                  {pd product} {ergonomic}

Logging:
Log output configuration:
 #0: stdout all=warning uptime,level,tags
 #1: stderr all=off uptime,level,tags

Environment Variables:
PATH=C:\Program Files\Git\mingw64\libexec\git-core;C:\Program Files\Git\mingw64\libexec\git-core;C:\Program Files\Git\mingw64\bin;C:\Program Files\Git\usr\bin;C:\Users\brand\bin;C:\Program Files\AdoptOpenJDK\jdk-14.0.2.12-hotspot\bin;C:\Program Files (x86)\Common Files\Oracle\Java\javapath;C:\Windows\system32;C:\Windows;C:\Windows\System32\Wbem;C:\Windows\System32\WindowsPowerShell\v1.0;C:\Windows\System32\OpenSSH;C:\Users\brand\Documents\sqlite-tools-win32-x86-3340000;C:\Program Files\Intel\WiFi\bin;C:\Program Files\Common Files\Intel\WirelessCommon;C:\Program Files (x86)\Intel\Intel(R) Management Engine Components\DAL;C:\Program Files\Intel\Intel(R) Management Engine Components\DAL;C:\Program Files (x86)\NVIDIA Corporation\PhysX\Common;C:\Program Files\NVIDIA Corporation\NVIDIA NvDLISR;C:\Program Files\nodejs;C:\Program Files\dotnet;C:\WINDOWS\system32;C:\WINDOWS;C:\WINDOWS\System32\Wbem;C:\WINDOWS\System32\WindowsPowerShell\v1.0;C:\WINDOWS\System32\OpenSSH;C:\Program Files\Git\cmd;C:\Program Files (x86)\Microsoft SQL Server\150\DTS\Binn;C:\Program Files\Azure Data Studio\bin;C:\Users\brand\AppData\Local\Microsoft\WindowsApps;C:\Users\brand\AppData\Local\atom\bin;C:\Users\brand\AppData\Local\Programs\Microsoft VS Code\bin;C:\Users\brand\AppData\Roaming\npm;C:\Users\brand\.dotnet\tools;C:\Users\brand\AppData\Local\Microsoft\WindowsApps;C:\Program Files\Azure Data Studio\bin
USERNAME=brand
DISPLAY=:0.0
LC_ALL=en_US.UTF-8
OS=Windows_NT
PROCESSOR_IDENTIFIER=Intel64 Family 6 Model 158 Stepping 10, GenuineIntel



---------------  S Y S T E M  ---------------

OS: Windows 10 , 64 bit Build 19041 (10.0.19041.928)
OS uptime: 1 days 11:43 hours

CPU:total 12 (initial active 12) (6 cores per cpu, 2 threads per core) family 6 model 158 stepping 10, cmov, cx8, fxsr, mmx, sse, sse2, sse3, ssse3, sse4.1, sse4.2, popcnt, avx, avx2, aes, clmul, erms, 3dnowpref, lzcnt, ht, tsc, tscinvbit, bmi1, bmi2, adx, fma

Memory: 4k page, system-wide physical 16239M (4176M free)
TotalPageFile size 19164M (AvailPageFile size 108M)
current process WorkingSet (physical memory assigned to process): 10M, peak: 10M
current process commit charge ("private bytes"): 64M, peak: 318M

vm_info: OpenJDK 64-Bit Server VM (11.0.8+10-b944.6842174) for windows-amd64 JRE (11.0.8+10-b944.6842174), built on Sep 19 2020 01:11:42 by "builder" with MS VC++ 14.0 (VS2015)

END.
